<?xml version="1.0" encoding="UTF-8"?>
<testsuite name="MainTest" tests="1" skipped="0" failures="0" errors="0" timestamp="2021-08-31T15:53:48" hostname="DESKTOP-BCOF5F3" time="0.072">
  <properties/>
  <testcase name="getBalanceByCitiesTest()" classname="MainTest" time="0.072"/>
  <system-out><![CDATA[]]></system-out>
  <system-err><![CDATA[]]></system-err>
</testsuite>
